#
# There is insufficient memory for the Java Runtime Environment to continue.
# Native memory allocation (mmap) failed to map 398458880 bytes for G1 virtual space
# Possible reasons:
#   The system is out of physical RAM or swap space
#   The process is running with CompressedOops enabled, and the Java Heap may be blocking the growth of the native heap
# Possible solutions:
#   Reduce memory load on the system
#   Increase physical memory or swap space
#   Check if swap backing store is full
#   Decrease Java heap size (-Xmx/-Xms)
#   Decrease number of Java threads
#   Decrease Java thread stack sizes (-Xss)
#   Set larger code cache with -XX:ReservedCodeCacheSize=
#   JVM is running with Zero Based Compressed Oops mode in which the Java heap is
#     placed in the first 32GB address space. The Java Heap base address is the
#     maximum limit for the native heap growth. Please use -XX:HeapBaseMinAddress
#     to set the Java Heap base and to place the Java Heap above 32GB virtual address.
# This output file may be truncated or incomplete.
#
#  Out of Memory Error (os_windows.cpp:3825), pid=26588, tid=19648
#
# JRE version:  (17.0.9+7) (build )
# Java VM: OpenJDK 64-Bit Server VM (17.0.9+7-b1087.9, mixed mode, sharing, tiered, compressed oops, compressed class ptrs, g1 gc, windows-amd64)
# No core dump will be written. Minidumps are not enabled by default on client versions of Windows
#

---------------  S U M M A R Y ------------

Command Line: git4idea.http.GitAskPassApp Password for 'https://dendima@bitbucket.org': 

Host: 13th Gen Intel(R) Core(TM) i5-1335U, 12 cores, 23G,  Windows 11 , 64 bit Build 22621 (10.0.22621.3672)
Time: Fri Aug  9 13:53:04 2024  Windows 11 , 64 bit Build 22621 (10.0.22621.3672) elapsed time: 0.037222 seconds (0d 0h 0m 0s)

---------------  T H R E A D  ---------------

Current thread (0x00000163a9ebc780):  JavaThread "Unknown thread" [_thread_in_vm, id=19648, stack(0x0000004a69600000,0x0000004a69700000)]

Stack: [0x0000004a69600000,0x0000004a69700000]
Native frames: (J=compiled Java code, j=interpreted, Vv=VM code, C=native code)
V  [jvm.dll+0x688349]
V  [jvm.dll+0x841bfa]
V  [jvm.dll+0x84383e]
V  [jvm.dll+0x843ea3]
V  [jvm.dll+0x24bdef]
V  [jvm.dll+0x6850f9]
V  [jvm.dll+0x67988a]
V  [jvm.dll+0x30cbfb]
V  [jvm.dll+0x3140a6]
V  [jvm.dll+0x363ede]
V  [jvm.dll+0x36410f]
V  [jvm.dll+0x2e29c8]
V  [jvm.dll+0x2e3934]
V  [jvm.dll+0x812771]
V  [jvm.dll+0x371d41]
V  [jvm.dll+0x7f12bc]
V  [jvm.dll+0x3f59cf]
V  [jvm.dll+0x3f7601]
C  [jli.dll+0x528f]
C  [ucrtbase.dll+0x29333]
C  [KERNEL32.DLL+0x1257d]
C  [ntdll.dll+0x5af28]


---------------  P R O C E S S  ---------------

Threads class SMR info:
_java_thread_list=0x00007ffa6808df18, length=0, elements={
}

Java Threads: ( => current thread )

Other Threads:
  0x00000163ac045df0 GCTaskThread "GC Thread#0" [stack: 0x0000004a69700000,0x0000004a69800000] [id=7444]
  0x00000163ac052ad0 ConcurrentGCThread "G1 Main Marker" [stack: 0x0000004a69800000,0x0000004a69900000] [id=17200]
  0x00000163ac053c90 ConcurrentGCThread "G1 Conc#0" [stack: 0x0000004a69900000,0x0000004a69a00000] [id=16092]

[error occurred during error reporting (printing all threads), id 0xc0000005, EXCEPTION_ACCESS_VIOLATION (0xc0000005) at pc=0x00007ffa67843597]

VM state: not at safepoint (not fully initialized)

VM Mutex/Monitor currently owned by a thread:  ([mutex/lock_event])
[0x00000163abfbc0d0] Heap_lock - owner thread: 0x00000163a9ebc780

Heap address: 0x0000000684c00000, size: 6068 MB, Compressed Oops mode: Zero based, Oop shift amount: 3

CDS archive(s) mapped at: [0x0000000000000000-0x0000000000000000-0x0000000000000000), size 0, SharedBaseAddress: 0x0000000800000000, ArchiveRelocationMode: 1.
Narrow klass base: 0x0000000000000000, Narrow klass shift: 0, Narrow klass range: 0x0

GC Precious Log:
<Empty>

Heap:
 garbage-first heap   total 0K, used 0K [0x0000000684c00000, 0x0000000800000000)
  region size 4096K, 0 young (0K), 0 survivors (0K)
 Metaspace       used 0K, committed 0K, reserved 0K
  class space    used 0K, committed 0K, reserved 0K

Heap Regions: E=young(eden), S=young(survivor), O=old, HS=humongous(starts), HC=humongous(continues), CS=collection set, F=free, OA=open archive, CA=closed archive, TAMS=top-at-mark-start (previous, next)

Card table byte_map: [0x00000163bf860000,0x00000163c0440000] _byte_map_base: 0x00000163bc43a000

Marking Bits (Prev, Next): (CMBitMap*) 0x00000163ac046410, (CMBitMap*) 0x00000163ac046450
 Prev Bits: [0x00000163c1020000, 0x00000163c6ef0000)
 Next Bits: [0x00000163c6ef0000, 0x00000163ccdc0000)

GC Heap History (0 events):
No events

Dll operation events (1 events):
Event: 0.026 Loaded shared library C:\Program Files\JetBrains\IntelliJ IDEA Community Edition 2021.3.3\jbr\bin\java.dll

Deoptimization events (0 events):
No events

Classes unloaded (0 events):
No events

Classes redefined (0 events):
No events

Internal exceptions (0 events):
No events

VM Operations (0 events):
No events

Events (0 events):
No events


Dynamic libraries:
0x00007ff664200000 - 0x00007ff66420a000 	C:\Program Files\JetBrains\IntelliJ IDEA Community Edition 2021.3.3\jbr\bin\java.exe
0x00007ffae4450000 - 0x00007ffae4667000 	C:\WINDOWS\SYSTEM32\ntdll.dll
0x00007ffae2f90000 - 0x00007ffae3054000 	C:\WINDOWS\System32\KERNEL32.DLL
0x00007ffae1c20000 - 0x00007ffae1fcc000 	C:\WINDOWS\System32\KERNELBASE.dll
0x00007ffae17e0000 - 0x00007ffae18f1000 	C:\WINDOWS\System32\ucrtbase.dll
0x00007ffacdd40000 - 0x00007ffacdd5b000 	C:\Program Files\JetBrains\IntelliJ IDEA Community Edition 2021.3.3\jbr\bin\VCRUNTIME140.dll
0x00007fface4d0000 - 0x00007fface4e7000 	C:\Program Files\JetBrains\IntelliJ IDEA Community Edition 2021.3.3\jbr\bin\jli.dll
0x00007ffae35b0000 - 0x00007ffae375e000 	C:\WINDOWS\System32\USER32.dll
0x00007ffac0650000 - 0x00007ffac08e3000 	C:\WINDOWS\WinSxS\amd64_microsoft.windows.common-controls_6595b64144ccf1df_6.0.22621.3672_none_2713b9d173822955\COMCTL32.dll
0x00007ffae1780000 - 0x00007ffae17a6000 	C:\WINDOWS\System32\win32u.dll
0x00007ffae2e10000 - 0x00007ffae2e39000 	C:\WINDOWS\System32\GDI32.dll
0x00007ffae1fd0000 - 0x00007ffae20e9000 	C:\WINDOWS\System32\gdi32full.dll
0x00007ffae20f0000 - 0x00007ffae218a000 	C:\WINDOWS\System32\msvcp_win.dll
0x00007ffae2710000 - 0x00007ffae27b7000 	C:\WINDOWS\System32\msvcrt.dll
0x00007ffae2b90000 - 0x00007ffae2bc1000 	C:\WINDOWS\System32\IMM32.DLL
0x00007ffad6f20000 - 0x00007ffad6f2c000 	C:\Program Files\JetBrains\IntelliJ IDEA Community Edition 2021.3.3\jbr\bin\vcruntime140_1.dll
0x00007ffab28c0000 - 0x00007ffab294d000 	C:\Program Files\JetBrains\IntelliJ IDEA Community Edition 2021.3.3\jbr\bin\msvcp140.dll
0x00007ffa67550000 - 0x00007ffa681d2000 	C:\Program Files\JetBrains\IntelliJ IDEA Community Edition 2021.3.3\jbr\bin\server\jvm.dll
0x00007ffae27c0000 - 0x00007ffae2872000 	C:\WINDOWS\System32\ADVAPI32.dll
0x00007ffae2a00000 - 0x00007ffae2aaa000 	C:\WINDOWS\System32\sechost.dll
0x00007ffae17b0000 - 0x00007ffae17d8000 	C:\WINDOWS\System32\bcrypt.dll
0x00007ffae2c30000 - 0x00007ffae2d45000 	C:\WINDOWS\System32\RPCRT4.dll
0x00007ffae1490000 - 0x00007ffae14dd000 	C:\WINDOWS\SYSTEM32\POWRPROF.dll
0x00007ffac6940000 - 0x00007ffac6949000 	C:\WINDOWS\SYSTEM32\WSOCK32.dll
0x00007ffae21f0000 - 0x00007ffae2261000 	C:\WINDOWS\System32\WS2_32.dll
0x00007ffad3160000 - 0x00007ffad316a000 	C:\WINDOWS\SYSTEM32\VERSION.dll
0x00007ffad8100000 - 0x00007ffad8134000 	C:\WINDOWS\SYSTEM32\WINMM.dll
0x00007ffae13c0000 - 0x00007ffae13d3000 	C:\WINDOWS\SYSTEM32\UMPDC.dll
0x00007ffae0770000 - 0x00007ffae0788000 	C:\WINDOWS\SYSTEM32\kernel.appcore.dll
0x00007ffadacf0000 - 0x00007ffadacfa000 	C:\Program Files\JetBrains\IntelliJ IDEA Community Edition 2021.3.3\jbr\bin\jimage.dll
0x00007ffadef50000 - 0x00007ffadf182000 	C:\WINDOWS\SYSTEM32\DBGHELP.DLL
0x00007ffae3210000 - 0x00007ffae3598000 	C:\WINDOWS\System32\combase.dll
0x00007ffae2ab0000 - 0x00007ffae2b87000 	C:\WINDOWS\System32\OLEAUT32.dll
0x00007ffad7fe0000 - 0x00007ffad8012000 	C:\WINDOWS\SYSTEM32\dbgcore.DLL
0x00007ffae1ae0000 - 0x00007ffae1b5b000 	C:\WINDOWS\System32\bcryptPrimitives.dll
0x00007ffad8790000 - 0x00007ffad87b5000 	C:\Program Files\JetBrains\IntelliJ IDEA Community Edition 2021.3.3\jbr\bin\java.dll

dbghelp: loaded successfully - version: 4.0.5 - missing functions: none
symbol engine: initialized successfully - sym options: 0x614 - pdb path: .;C:\Program Files\JetBrains\IntelliJ IDEA Community Edition 2021.3.3\jbr\bin;C:\WINDOWS\SYSTEM32;C:\WINDOWS\WinSxS\amd64_microsoft.windows.common-controls_6595b64144ccf1df_6.0.22621.3672_none_2713b9d173822955;C:\Program Files\JetBrains\IntelliJ IDEA Community Edition 2021.3.3\jbr\bin\server

VM Arguments:
java_command: git4idea.http.GitAskPassApp Password for 'https://dendima@bitbucket.org': 
java_class_path (initial): C:/Program Files/JetBrains/IntelliJ IDEA Community Edition 2021.3.3/plugins/vcs-git/lib/git4idea-rt.jar;C:/Program Files/JetBrains/IntelliJ IDEA Community Edition 2021.3.3/lib/externalProcess-rt.jar
Launcher Type: SUN_STANDARD

[Global flags]
     intx CICompilerCount                          = 4                                         {product} {ergonomic}
     uint ConcGCThreads                            = 3                                         {product} {ergonomic}
     uint G1ConcRefinementThreads                  = 10                                        {product} {ergonomic}
   size_t G1HeapRegionSize                         = 4194304                                   {product} {ergonomic}
    uintx GCDrainStackTargetSize                   = 64                                        {product} {ergonomic}
   size_t InitialHeapSize                          = 398458880                                 {product} {ergonomic}
   size_t MarkStackSize                            = 4194304                                   {product} {ergonomic}
   size_t MaxHeapSize                              = 6362759168                                {product} {ergonomic}
   size_t MinHeapDeltaBytes                        = 4194304                                   {product} {ergonomic}
   size_t MinHeapSize                              = 8388608                                   {product} {ergonomic}
    uintx NonNMethodCodeHeapSize                   = 5839372                                {pd product} {ergonomic}
    uintx NonProfiledCodeHeapSize                  = 122909434                              {pd product} {ergonomic}
    uintx ProfiledCodeHeapSize                     = 122909434                              {pd product} {ergonomic}
    uintx ReservedCodeCacheSize                    = 251658240                              {pd product} {ergonomic}
     bool SegmentedCodeCache                       = true                                      {product} {ergonomic}
   size_t SoftMaxHeapSize                          = 6362759168                             {manageable} {ergonomic}
     bool UseCompressedClassPointers               = true                           {product lp64_product} {ergonomic}
     bool UseCompressedOops                        = true                           {product lp64_product} {ergonomic}
     bool UseG1GC                                  = true                                      {product} {ergonomic}
     bool UseLargePagesIndividualAllocation        = false                                  {pd product} {ergonomic}

Logging:
Log output configuration:
 #0: stdout all=warning uptime,level,tags
 #1: stderr all=off uptime,level,tags

Environment Variables:
JAVA_HOME=C:\Users\Admin\.jdks\corretto-17.0.9
PATH=C:\Git\mingw64\libexec\git-core;C:\Git\mingw64\libexec\git-core;C:\Git\mingw64\bin;C:\Git\usr\bin;C:\Users\Admin\bin;C:\Program Files\Common Files\Oracle\Java\javapath;C:\WINDOWS\system32;C:\WINDOWS;C:\WINDOWS\System32\Wbem;C:\WINDOWS\System32\WindowsPowerShell\v1.0;C:\WINDOWS\System32\OpenSSH;C:\Git\cmd;C:\Program Files\Cloud Foundry;C:\Program Files\nodejs;C:\Program Files\IPFS Desktop\resources\app.asar.unpacked\node_modules\go-ipfs\go-ipfs;C:\Program Files\dotnet;C:\Program Files (x86)\Common Files\Acronis\SnapAPI;C:\Program Files\Docker\Docker\resources\bin;C:\Users\Admin\AppData\Local\Microsoft\WindowsApps;C:\Users\Admin\AppData\Local\Programs\Microsoft VS Code\bin;C:\Make;C:\Users\Admin\AppData\Roaming\npm
USERNAME=Admin
DISPLAY=:0.0
LC_ALL=en_US.UTF-8
TERM=cygwin
TMPDIR=C:\Users\Admin\AppData\Local\Temp
OS=Windows_NT
PROCESSOR_IDENTIFIER=Intel64 Family 6 Model 186 Stepping 3, GenuineIntel
TMP=C:\Users\Admin\AppData\Local\Temp
TEMP=C:\Users\Admin\AppData\Local\Temp



Periodic native trim disabled

JNI global refs:
JNI global refs: 0, weak refs: 0

JNI global refs memory usage: 0, weak refs: 0

OOME stack traces (most recent first):
Classloader memory used:


---------------  S Y S T E M  ---------------

OS:
 Windows 11 , 64 bit Build 22621 (10.0.22621.3672)
OS uptime: 22 days 15:58 hours
Hyper-V role detected

CPU: total 12 (initial active 12) (6 cores per cpu, 2 threads per core) family 6 model 186 stepping 3 microcode 0x4121, cx8, cmov, fxsr, ht, mmx, 3dnowpref, sse, sse2, sse3, ssse3, sse4.1, sse4.2, popcnt, lzcnt, tsc, tscinvbit, avx, avx2, aes, erms, clmul, bmi1, bmi2, adx, sha, fma, vzeroupper, clflush, clflushopt, clwb, hv
Processor Information for processor 0
  Max Mhz: 1300, Current Mhz: 1300, Mhz Limit: 1300
Processor Information for processor 1
  Max Mhz: 1300, Current Mhz: 1300, Mhz Limit: 1300
Processor Information for processor 2
  Max Mhz: 1300, Current Mhz: 1300, Mhz Limit: 1300
Processor Information for processor 3
  Max Mhz: 1300, Current Mhz: 1300, Mhz Limit: 1300
Processor Information for processor 4
  Max Mhz: 1300, Current Mhz: 900, Mhz Limit: 897
Processor Information for processor 5
  Max Mhz: 1300, Current Mhz: 900, Mhz Limit: 897
Processor Information for processor 6
  Max Mhz: 1300, Current Mhz: 900, Mhz Limit: 897
Processor Information for processor 7
  Max Mhz: 1300, Current Mhz: 900, Mhz Limit: 897
Processor Information for processor 8
  Max Mhz: 1300, Current Mhz: 900, Mhz Limit: 897
Processor Information for processor 9
  Max Mhz: 1300, Current Mhz: 900, Mhz Limit: 897
Processor Information for processor 10
  Max Mhz: 1300, Current Mhz: 900, Mhz Limit: 897
Processor Information for processor 11
  Max Mhz: 1300, Current Mhz: 900, Mhz Limit: 897

Memory: 4k page, system-wide physical 24257M (618M free)
TotalPageFile size 62877M (AvailPageFile size 43M)
current process WorkingSet (physical memory assigned to process): 11M, peak: 11M
current process commit charge ("private bytes"): 64M, peak: 444M

vm_info: OpenJDK 64-Bit Server VM (17.0.9+7-b1087.9) for windows-amd64 JRE (17.0.9+7-b1087.9), built on 2023-12-05 by "builduser" with MS VC++ 16.10 / 16.11 (VS2019)

END.
